pid=57208 tick=127488109 start appDir=D:\git\xge\dev\xui2\tools\mapedit\release argc=1
pid=57208 tick=127488109 single-instance acquired
pid=57208 tick=127488109 before xgeInit
pid=57208 tick=127488109 after xgeInit
pid=57208 tick=127488109 before scan data
pid=57208 tick=127488125 after scan data maps=3 tilesets=2 materials=2
pid=57208 tick=127488125 before create ui
pid=57208 tick=127488156 after create ui
pid=57208 tick=127488156 after load initial data
pid=57208 tick=127488156 before xgeRun
pid=57208 tick=127543406 after xgeRun ret=0
pid=57208 tick=127543421 shutdown
pid=9800 tick=1040605750 start appDir=D:\GIT\xge\tools\mapedit\release argc=2
pid=9800 tick=1040605750 single-instance managed by launcher
pid=9800 tick=1040605750 before xgeInit
pid=9800 tick=1040605750 after xgeInit
pid=9800 tick=1040605750 before scan data
pid=9800 tick=1040605781 after scan data maps=3 tilesets=2 materials=2
pid=9800 tick=1040605781 before create ui
pid=9800 tick=1040605796 after create ui
pid=9800 tick=1040605796 after load initial data
pid=9800 tick=1040605796 before xgeRun
pid=9800 tick=1040723765 after xgeRun ret=0
pid=9800 tick=1040723765 shutdown
